  algebra.cpp
algebra.cpp(31): warning C4244: 'return': conversion from 'double' to 'float', possible loss of data
algebra.cpp(133): warning C4838: conversion from 'double' to 'float' requires a narrowing conversion
algebra.cpp(133): warning C4244: 'initializing': conversion from 'double' to 'float', possible loss of data
algebra.cpp(134): warning C4838: conversion from 'double' to 'float' requires a narrowing conversion
algebra.cpp(134): warning C4244: 'initializing': conversion from 'double' to 'float', possible loss of data
algebra.cpp(135): warning C4838: conversion from 'double' to 'float' requires a narrowing conversion
algebra.cpp(135): warning C4244: 'initializing': conversion from 'double' to 'float', possible loss of data
algebra.cpp(131): warning C4101: 'V': unreferenced local variable
  main.cpp
c:\users\allan\dropbox\dator grafik\laborationer\lab 1\devogl\dva338_labsrc\dva338_lab1\dva338_lab1\./models/mesh_bunny.h(24691): warning C4838: conversion from 'double' to 'float' requires a narrowing conversion
c:\users\allan\dropbox\dator grafik\laborationer\lab 1\devogl\dva338_labsrc\dva338_lab1\dva338_lab1\./models/mesh_cow.h(1561): warning C4838: conversion from 'double' to 'float' requires a narrowing conversion
c:\users\allan\dropbox\dator grafik\laborationer\lab 1\devogl\dva338_labsrc\dva338_lab1\dva338_lab1\./models/mesh_frog.h(11995): warning C4838: conversion from 'double' to 'float' requires a narrowing conversion
c:\users\allan\dropbox\dator grafik\laborationer\lab 1\devogl\dva338_labsrc\dva338_lab1\dva338_lab1\./models/mesh_knot.h(4341): warning C4838: conversion from 'double' to 'float' requires a narrowing conversion
c:\users\allan\dropbox\dator grafik\laborationer\lab 1\devogl\dva338_labsrc\dva338_lab1\dva338_lab1\./models/mesh_sphere.h(505): warning C4838: conversion from 'double' to 'float' requires a narrowing conversion
c:\users\allan\dropbox\dator grafik\laborationer\lab 1\devogl\dva338_labsrc\dva338_lab1\dva338_lab1\./models/mesh_teapot.h(18792): warning C4838: conversion from 'double' to 'float' requires a narrowing conversion
c:\users\allan\dropbox\dator grafik\laborationer\lab 1\devogl\dva338_labsrc\dva338_lab1\dva338_lab1\./models/mesh_triceratops.h(8515): warning C4838: conversion from 'double' to 'float' requires a narrowing conversion
  mesh.cpp
  Generating code
  20 of 22 functions (90.9%) were compiled, the rest were copied from previous compilation.
    0 functions were new in current compilation
    0 functions had inline decision re-evaluated but remain unchanged
  Finished generating code
  DVA338_Lab1.vcxproj -> C:\Users\allan\Dropbox\Dator Grafik\Laborationer\Lab 1\DevOgl\DVA338_labsrc\DVA338_Lab1\Release\DVA338_Lab1.exe
